<?xml version="1.0" encoding="UTF-8"?>
<!-- Generated by org.testng.reporters.JUnitXMLReporter -->
<testsuite hostname="DESKTOP-MJ1T9AR" ignored="0" name="Default test" tests="8" failures="0" timestamp="2022-05-07T19:58:31 EET" time="0.832" errors="0">
  <testcase name="@BeforeClass beforeClass" time="-1.651946310272E9" classname="WebsiteAutomation.MusalaSoft.JoinUsTcs">
    <failure type="org.testng.TestNGException" message="
Parameter &amp;apos;Browser&amp;apos; is required by BeforeClass on method beforeClass but has not been marked @Optional or defined
in C:\Users\mosta\AppData\Local\Temp\testng-eclipse--1032824700\testng-customsuite.xml">
      <![CDATA[org.testng.TestNGException: 
Parameter 'Browser' is required by BeforeClass on method beforeClass but has not been marked @Optional or defined
in C:\Users\mosta\AppData\Local\Temp\testng-eclipse--1032824700\testng-customsuite.xml
at org.testng.internal.Parameters.createParams(Parameters.java:267)
at org.testng.internal.Parameters.createParametersForMethod(Parameters.java:355)
at org.testng.internal.Parameters.createParameters(Parameters.java:660)
at org.testng.internal.Parameters.createConfigurationParameters(Parameters.java:166)
at org.testng.internal.invokers.ConfigInvoker.invokeConfigurations(ConfigInvoker.java:300)
at org.testng.internal.invokers.TestMethodWorker.invokeBeforeClassMethods(TestMethodWorker.java:178)
at org.testng.internal.invokers.TestMethodWorker.run(TestMethodWorker.java:122)
at java.util.ArrayList.forEach(ArrayList.java:1259)
at org.testng.TestRunner.privateRun(TestRunner.java:808)
at org.testng.TestRunner.run(TestRunner.java:603)
at org.testng.SuiteRunner.runTest(SuiteRunner.java:429)
at org.testng.SuiteRunner.runSequentially(SuiteRunner.java:423)
at org.testng.SuiteRunner.privateRun(SuiteRunner.java:383)
at org.testng.SuiteRunner.run(SuiteRunner.java:326)
at org.testng.SuiteRunnerWorker.runSuite(SuiteRunnerWorker.java:52)
at org.testng.SuiteRunnerWorker.run(SuiteRunnerWorker.java:95)
at org.testng.TestNG.runSuitesSequentially(TestNG.java:1249)
at org.testng.TestNG.runSuitesLocally(TestNG.java:1169)
at org.testng.TestNG.runSuites(TestNG.java:1092)
at org.testng.TestNG.run(TestNG.java:1060)
at org.testng.remote.AbstractRemoteTestNG.run(AbstractRemoteTestNG.java:115)
at org.testng.remote.RemoteTestNG.initAndRun(RemoteTestNG.java:251)
at org.testng.remote.RemoteTestNG.main(RemoteTestNG.java:77)
]]>
    </failure>
  </testcase> <!-- @BeforeClass beforeClass -->
  <testcase name="ValidateJoinUsPage" time="0.0" classname="WebsiteAutomation.MusalaSoft.JoinUsTcs">
    <skipped/>
  </testcase> <!-- ValidateJoinUsPage -->
  <testcase name="ApplyFilterByAnyWhere" time="0.0" classname="WebsiteAutomation.MusalaSoft.JoinUsTcs">
    <skipped/>
  </testcase> <!-- ApplyFilterByAnyWhere -->
  <testcase name="Choose_open_position_by_name" time="0.0" classname="WebsiteAutomation.MusalaSoft.JoinUsTcs">
    <skipped/>
  </testcase> <!-- Choose_open_position_by_name -->
  <testcase name="isJobSpecificationDisplayed" time="0.0" classname="WebsiteAutomation.MusalaSoft.JoinUsTcs">
    <skipped/>
  </testcase> <!-- isJobSpecificationDisplayed -->
  <testcase name="VerifyAppearanceApplyButton" time="0.0" classname="WebsiteAutomation.MusalaSoft.JoinUsTcs">
    <skipped/>
  </testcase> <!-- VerifyAppearanceApplyButton -->
  <testcase name="SubmitJobForm" time="0.0" classname="WebsiteAutomation.MusalaSoft.JoinUsTcs">
    <skipped/>
  </testcase> <!-- SubmitJobForm -->
  <testcase name="SubmitJobForm" time="0.0" classname="WebsiteAutomation.MusalaSoft.JoinUsTcs">
    <skipped/>
  </testcase> <!-- SubmitJobForm -->
  <testcase name="SubmitJobForm" time="0.0" classname="WebsiteAutomation.MusalaSoft.JoinUsTcs">
    <skipped/>
  </testcase> <!-- SubmitJobForm -->
</testsuite> <!-- Default test -->
